<?xml version="1.0" encoding="UTF-8" ?>
<testsuite failures="0" time="1.572" errors="0" skipped="0" tests="3" name="com.hhjt.hadoop.mrunit.SMSCDRMapperReducerTest">
  <properties>
    <property name="idea.version" value="14.0"/>
    <property name="java.runtime.name" value="Java(TM) SE Runtime Environment"/>
    <property name="sun.boot.library.path" value="C:\Program Files\Java\jdk1.7.0_25\jre\bin"/>
    <property name="java.vm.version" value="23.25-b01"/>
    <property name="java.vm.vendor" value="Oracle Corporation"/>
    <property name="java.vendor.url" value="http://java.oracle.com/"/>
    <property name="path.separator" value=";"/>
    <property name="guice.disable.misplaced.annotation.check" value="true"/>
    <property name="java.vm.name" value="Java HotSpot(TM) 64-Bit Server VM"/>
    <property name="file.encoding.pkg" value="sun.io"/>
    <property name="idea.launcher.port" value="7532"/>
    <property name="user.script" value=""/>
    <property name="user.country" value="CN"/>
    <property name="sun.java.launcher" value="SUN_STANDARD"/>
    <property name="sun.os.patch.level" value=""/>
    <property name="java.vm.specification.name" value="Java Virtual Machine Specification"/>
    <property name="user.dir" value="D:\develop\itelplace\hadoop"/>
    <property name="java.runtime.version" value="1.7.0_25-b17"/>
    <property name="java.awt.graphicsenv" value="sun.awt.Win32GraphicsEnvironment"/>
    <property name="java.endorsed.dirs" value="C:\Program Files\Java\jdk1.7.0_25\jre\lib\endorsed"/>
    <property name="os.arch" value="amd64"/>
    <property name="java.io.tmpdir" value="C:\Users\paul\AppData\Local\Temp\"/>
    <property name="line.separator" value="
"/>
    <property name="java.vm.specification.vendor" value="Oracle Corporation"/>
    <property name="user.variant" value=""/>
    <property name="os.name" value="Windows 8"/>
    <property name="classworlds.conf" value="D:\develop\maven\apache-maven-3.2.3\bin\m2.conf"/>
    <property name="sun.jnu.encoding" value="GBK"/>
    <property name="java.library.path" value="C:\Program Files\Java\jdk1.7.0_25\bin;C:\WINDOWS\Sun\Java\bin;C:\WINDOWS\system32;C:\WINDOWS;D:\app\paul\product\11.2.0\dbhome_1\bin;C:\Program Files\Broadcom\Broadcom 802.11 Network Adapter\Driver;C:\Program Files (x86)\NVIDIA Corporation\PhysX\Common;C:\Program Files (x86)\Intel\iCLS Client\;C:\Program Files\Intel\iCLS Client\;C:\WINDOWS\system32;C:\WINDOWS;C:\WINDOWS\System32\Wbem;C:\WINDOWS\System32\WindowsPowerShell\v1.0\;C:\Program Files\Intel\Intel(R) Management Engine Components\DAL;C:\Program Files\Intel\Intel(R) Management Engine Components\IPT;C:\Program Files (x86)\Intel\Intel(R) Management Engine Components\DAL;C:\Program Files (x86)\Intel\Intel(R) Management Engine Components\IPT;C:\Program Files (x86)\Intel\OpenCL SDK\2.0\bin\x86;C:\Program Files (x86)\Intel\OpenCL SDK\2.0\bin\x64;C:\Program Files\Lenovo\Bluetooth Software\;C:\Program Files\Lenovo\Bluetooth Software\syswow64;C:\Program Files\Lenovo Fingerprint Reader\;C:\Program Files\Lenovo Fingerprint Reader\x86\;C:\ProgramData\Lenovo\ReadyApps;D:\develop\adt-bundle-windows-x86-20130917\sdk\tools;D:\develop\nodejs\;D:\develop\nodejs\node_modules\.bin;D:\develop\Git\cmd;D:\develop\Git\bin;C:\strawberry\c\bin;C:\strawberry\perl\bin;D:\Program Files\VisualSVN Server\bin;D:\Program Files\TortoiseSVN\bin;C:\Program Files\Java\jdk1.7.0_25\bin;C:\Program Files\Java\jdk1.7.0_25\jre\bin;D:\develop\mysql\bin;E:\books\APIs\openSource\apache-cxf-3.0.0\binï¼›D:\develop\adt-bundle-windows-x86-20130917\sdk\tools;D:\develop\nodejs;C:\Users\paul\AppData\Roaming\npm;D:\develop\nodejs\node_modules\.bin;D:\develop\maven\apache-maven-3.2.3\bin;C:\Program Files (x86)\IDM Computer Solutions\UltraEdit\;."/>
    <property name="java.specification.name" value="Java Platform API Specification"/>
    <property name="java.class.version" value="51.0"/>
    <property name="sun.management.compiler" value="HotSpot 64-Bit Tiered Compilers"/>
    <property name="os.version" value="6.2"/>
    <property name="user.home" value="C:\Users\paul"/>
    <property name="user.timezone" value="Asia/Shanghai"/>
    <property name="java.awt.printerjob" value="sun.awt.windows.WPrinterJob"/>
    <property name="java.specification.version" value="1.7"/>
    <property name="idea.launcher.bin.path" value="D:\develop\IntelliJ IDEA 14.0\bin"/>
    <property name="file.encoding" value="UTF-8"/>
    <property name="user.name" value="root"/>
    <property name="java.class.path" value="D:\develop\maven\apache-maven-3.2.3\boot\plexus-classworlds-2.5.1.jar;D:\develop\IntelliJ IDEA 14.0\lib\idea_rt.jar"/>
    <property name="java.vm.specification.version" value="1.7"/>
    <property name="sun.arch.data.model" value="64"/>
    <property name="java.home" value="C:\Program Files\Java\jdk1.7.0_25\jre"/>
    <property name="sun.java.command" value="com.intellij.rt.execution.application.AppMain org.codehaus.classworlds.Launcher -Didea.version=14.0 test"/>
    <property name="java.specification.vendor" value="Oracle Corporation"/>
    <property name="user.language" value="zh"/>
    <property name="awt.toolkit" value="sun.awt.windows.WToolkit"/>
    <property name="java.vm.info" value="mixed mode"/>
    <property name="java.version" value="1.7.0_25"/>
    <property name="java.ext.dirs" value="C:\Program Files\Java\jdk1.7.0_25\jre\lib\ext;C:\WINDOWS\Sun\Java\lib\ext"/>
    <property name="sun.boot.class.path" value="C:\Program Files\Java\jdk1.7.0_25\jre\lib\resources.jar;C:\Program Files\Java\jdk1.7.0_25\jre\lib\rt.jar;C:\Program Files\Java\jdk1.7.0_25\jre\lib\sunrsasign.jar;C:\Program Files\Java\jdk1.7.0_25\jre\lib\jsse.jar;C:\Program Files\Java\jdk1.7.0_25\jre\lib\jce.jar;C:\Program Files\Java\jdk1.7.0_25\jre\lib\charsets.jar;C:\Program Files\Java\jdk1.7.0_25\jre\lib\jfr.jar;C:\Program Files\Java\jdk1.7.0_25\jre\classes"/>
    <property name="java.vendor" value="Oracle Corporation"/>
    <property name="maven.home" value="D:\develop\maven\apache-maven-3.2.3"/>
    <property name="file.separator" value="\"/>
    <property name="java.vendor.url.bug" value="http://bugreport.sun.com/bugreport/"/>
    <property name="sun.cpu.endian" value="little"/>
    <property name="sun.io.unicode.encoding" value="UnicodeLittle"/>
    <property name="sun.desktop" value="windows"/>
    <property name="sun.cpu.isalist" value="amd64"/>
  </properties>
  <testcase time="1.348" classname="com.hhjt.hadoop.mrunit.SMSCDRMapperReducerTest" name="testReducer"/>
  <testcase time="0.135" classname="com.hhjt.hadoop.mrunit.SMSCDRMapperReducerTest" name="testMapperReducer"/>
  <testcase time="0.089" classname="com.hhjt.hadoop.mrunit.SMSCDRMapperReducerTest" name="testMapper"/>
</testsuite>